<?xml version="1.0" encoding="UTF-8"?>
<!-- Generated by org.testng.reporters.JUnitXMLReporter -->
<testsuite hostname="AFSWWP8ZAOSVQV" ignored="0" name="Default test" tests="15" failures="0" timestamp="18 Mar 2019 18:22:23 GMT" time="1.929" errors="0">
  <testcase name="shouldGetUsers" time="0.066" classname="com.boot.brightideas.service.UserServiceImplTest"/>
  <testcase name="shouldExistById" time="0.013" classname="com.boot.brightideas.service.UserServiceImplTest"/>
  <testcase name="shouldNotExistById" time="0.002" classname="com.boot.brightideas.service.UserServiceImplTest"/>
  <testcase name="shouldExistByEmail" time="0.004" classname="com.boot.brightideas.service.UserServiceImplTest"/>
  <testcase name="shouldNotExistByEmail" time="0.002" classname="com.boot.brightideas.service.UserServiceImplTest"/>
  <testcase name="shouldGetUserById" time="0.011" classname="com.boot.brightideas.service.UserServiceImplTest"/>
  <testcase name="shouldGetNullUserById" time="0.002" classname="com.boot.brightideas.service.UserServiceImplTest"/>
  <testcase name="shouldGetUserByEmail" time="0.002" classname="com.boot.brightideas.service.UserServiceImplTest"/>
  <testcase name="shouldGetNullUserByEmail" time="0.002" classname="com.boot.brightideas.service.UserServiceImplTest"/>
  <testcase name="shouldSaveUser" time="0.003" classname="com.boot.brightideas.service.UserServiceImplTest"/>
  <testcase name="shouldUpdateUser" time="0.002" classname="com.boot.brightideas.service.UserServiceImplTest"/>
  <testcase name="shouldDeleteUserById" time="0.005" classname="com.boot.brightideas.service.UserServiceImplTest"/>
  <testcase name="shouldNotDeleteUserByInvalidId" time="0.001" classname="com.boot.brightideas.service.UserServiceImplTest"/>
  <testcase name="shouldDeleteUser" time="0.004" classname="com.boot.brightideas.service.UserServiceImplTest"/>
  <testcase name="shouldNotDeleteUser" time="0.004" classname="com.boot.brightideas.service.UserServiceImplTest"/>
</testsuite> <!-- Default test -->
